"../../../../Projects/TowerDefenseDemo/Content/NewMap_BuiltData.uasset" 0
"../../../../Projects/TowerDefenseDemo/Content/Imported-Content/orc/orc_Skeleton.uasset" 1
"../../../../Projects/TowerDefenseDemo/Content/Imported-Content/orc/orc_Anim_Stand__0_.uasset" 2
"../../../../Projects/TowerDefenseDemo/Content/Blueprints/InteractableInterface.uasset" 3
"../../../../Projects/TowerDefenseDemo/Content/Imported-Content/orc/orcgrunt_m_01.uasset" 4
"../../../../Projects/TowerDefenseDemo/Content/Imported-Content/orc/creature_orcgrunt_m_orcgrunt_m_10.uasset" 5
"../../../../Projects/TowerDefenseDemo/Content/Imported-Content/orc/creature_orcgrunt_m_orcgrunt_m_12.uasset" 6
"../../../../Projects/TowerDefenseDemo/Content/Imported-Content/orc/creature_orcgrunt_m_orcgrunt_m_13.uasset" 7
"../../../../Projects/TowerDefenseDemo/Content/Imported-Content/orc/creature_orcgrunt_m_orcgrunt_m_14.uasset" 8
"../../../../Projects/TowerDefenseDemo/Content/Imported-Content/orc/creature_orcgrunt_m_orcgrunt_m_15.uasset" 9
"../../../../Projects/TowerDefenseDemo/Content/Imported-Content/orc/creature_orcgrunt_m_orcgrunt_m_16.uasset" 10
"../../../../Projects/TowerDefenseDemo/Content/Imported-Content/orc/creature_orcgrunt_m_orcgrunt_m_2.uasset" 11
"../../../../Projects/TowerDefenseDemo/Content/Imported-Content/orc/creature_orcgrunt_m_orcgrunt_m_20.uasset" 12
"../../../../Projects/TowerDefenseDemo/Content/Imported-Content/orc/creature_orcgrunt_m_orcgrunt_m_33.uasset" 13
"../../../../Projects/TowerDefenseDemo/Content/Imported-Content/orc/creature_orcgrunt_m_orcgrunt_m_38.uasset" 14
"../../../../Projects/TowerDefenseDemo/Content/Imported-Content/orc/creature_orcgrunt_m_orcgrunt_m_43.uasset" 15
"../../../../Projects/TowerDefenseDemo/Content/Imported-Content/orc/creature_orcgrunt_m_orcgrunt_m_44.uasset" 16
"../../../../Projects/TowerDefenseDemo/Content/Imported-Content/orc/creature_orcgrunt_m_orcgrunt_m_45.uasset" 17
"../../../../Projects/TowerDefenseDemo/Content/Imported-Content/orc/creature_orcgrunt_m_orcgrunt_m_52.uasset" 18
"../../../../Projects/TowerDefenseDemo/Content/Imported-Content/orc/creature_orcgrunt_m_orcgrunt_m_53.uasset" 19
"../../../../Projects/TowerDefenseDemo/Content/Imported-Content/orc/creature_orcgrunt_m_orcgrunt_m_9.uasset" 20
"../../../../Projects/TowerDefenseDemo/Content/Imported-Content/orc/orc_PhysicsAsset.uasset" 21
"../../../../Projects/TowerDefenseDemo/Content/Imported-Content/orc/orc.uasset" 22
"../../../../Projects/TowerDefenseDemo/Content/Blueprints/OrcBlueprint.uasset" 23
"../../../../Projects/TowerDefenseDemo/Content/Geometry/Meshes/CubeMaterial.uasset" 24
"../../../../Projects/TowerDefenseDemo/Content/Geometry/Meshes/1M_Cube_Chamfer.uasset" 25
"../../../../Projects/TowerDefenseDemo/Content/Geometry/Meshes/TemplateFloor.uasset" 26
"../../../../Projects/TowerDefenseDemo/Content/StarterContent/Textures/T_Ground_Grass_D.uasset" 27
"../../../../Projects/TowerDefenseDemo/Content/StarterContent/Textures/T_Ground_Grass_N.uasset" 28
"../../../../Projects/TowerDefenseDemo/Content/StarterContent/Textures/T_MacroVariation.uasset" 29
"../../../../Projects/TowerDefenseDemo/Content/StarterContent/Textures/T_Perlin_Noise_M.uasset" 30
"../../../../Projects/TowerDefenseDemo/Content/StarterContent/Materials/M_Ground_Grass.uasset" 31
"../../../../Projects/TowerDefenseDemo/Content/VirtualReality/Materials/M_BaseMaterial.uasset" 32
"../../../../Projects/TowerDefenseDemo/Content/VirtualReality/Materials/MI_BaseMaterial2.uasset" 33
"../../../../Projects/TowerDefenseDemo/Content/Imported-Content/Box_Brush_StaticMesh.uasset" 34
"../../../../Projects/TowerDefenseDemo/Content/Imported-Content/chinese_rocks_rg.uasset" 35
"../../../../Projects/TowerDefenseDemo/Content/Imported-Content/Rock_texture/rock_wall_01.uasset" 36
"../../../../Projects/TowerDefenseDemo/Content/Imported-Content/rock_wall_01_Mat.uasset" 37
"../../../../Projects/TowerDefenseDemo/Content/Imported-Content/Arch/dungeon_arch_metal_unity.uasset" 38
"../../../../Projects/TowerDefenseDemo/Content/Imported-Content/GrasslandTree/trees_SC_metal.uasset" 39
"../../../../Projects/TowerDefenseDemo/Content/Imported-Content/GrasslandTree/trees_SC_metal_unity.uasset" 40
"../../../../Projects/TowerDefenseDemo/Content/Imported-Content/GrasslandTree/trees_SC_roughness.uasset" 41
"../../../../Projects/TowerDefenseDemo/Content/Imported-Content/orc/orc_Anim_Ready1H__4_.uasset" 42
"../../../../Projects/TowerDefenseDemo/Content/MyBlueprints/userHud.uasset" 43
"../../../Engine/Content/Functions/Engine_MaterialFunctions01/Density/ExponentialDensity.uasset" 44
"../../../Engine/Content/Functions/Engine_MaterialFunctions01/Gradient/RadialGradientExponential.uasset" 45
"../../../../Projects/TowerDefenseDemo/Content/MyParticleSystems/Sparks/Mat_Sparks.uasset" 46
"../../../../Projects/TowerDefenseDemo/Content/MyParticleSystems/Sparks/P_Sparks.uasset" 47
"../../../../Projects/TowerDefenseDemo/Content/Splash/Splash.uasset" 48
"../../../../Projects/TowerDefenseDemo/Content/StarterContent/Materials/M_Basic_Wall.uasset" 49
"../../../../Projects/TowerDefenseDemo/Content/StarterContent/Architecture/Pillar_50x500.uasset" 50
"../../../../Projects/TowerDefenseDemo/Content/StarterContent/Architecture/Wall_400x300.uasset" 51
"../../../../Projects/TowerDefenseDemo/Content/StarterContent/Architecture/Wall_400x400.uasset" 52
"../../../../Projects/TowerDefenseDemo/Content/StarterContent/Architecture/Wall_500x500.uasset" 53
"../../../../Projects/TowerDefenseDemo/Content/StarterContent/Architecture/Wall_Door_400x400.uasset" 54
"../../../../Projects/TowerDefenseDemo/Content/StarterContent/Architecture/Wall_Window_400x400.uasset" 55
"../../../../Projects/TowerDefenseDemo/Content/StarterContent/Audio/Collapse01.uasset" 56
"../../../../Projects/TowerDefenseDemo/Content/StarterContent/Audio/Collapse02.uasset" 57
"../../../../Projects/TowerDefenseDemo/Content/StarterContent/Audio/Explosion01.uasset" 58
"../../../../Projects/TowerDefenseDemo/Content/StarterContent/Audio/Explosion02.uasset" 59
"../../../../Projects/TowerDefenseDemo/Content/StarterContent/Audio/Fire01.uasset" 60
"../../../../Projects/TowerDefenseDemo/Content/StarterContent/Audio/Fire_Sparks01.uasset" 61
"../../../../Projects/TowerDefenseDemo/Content/StarterContent/Audio/Light01.uasset" 62
"../../../../Projects/TowerDefenseDemo/Content/StarterContent/Audio/Light01_Cue.uasset" 63
"../../../../Projects/TowerDefenseDemo/Content/StarterContent/Audio/Light02.uasset" 64
"../../../../Projects/TowerDefenseDemo/Content/StarterContent/Audio/Light02_Cue.uasset" 65
"../../../../Projects/TowerDefenseDemo/Content/StarterContent/Audio/Smoke01.uasset" 66
"../../../../Projects/TowerDefenseDemo/Content/StarterContent/Audio/Starter_Birds01.uasset" 67
"../../../../Projects/TowerDefenseDemo/Content/StarterContent/Audio/Starter_Music01.uasset" 68
"../../../../Projects/TowerDefenseDemo/Content/StarterContent/Audio/Starter_Wind05.uasset" 69
"../../../../Projects/TowerDefenseDemo/Content/StarterContent/Audio/Starter_Wind06.uasset" 70
"../../../../Projects/TowerDefenseDemo/Content/StarterContent/Audio/Steam01.uasset" 71
"../../../../Projects/TowerDefenseDemo/Content/StarterContent/Audio/Explosion_Cue.uasset" 72
"../../../../Projects/TowerDefenseDemo/Content/StarterContent/Textures/T_Burst_M.uasset" 73
"../../../../Projects/TowerDefenseDemo/Content/StarterContent/Particles/Materials/M_Burst.uasset" 74
"../../../../Projects/TowerDefenseDemo/Content/StarterContent/Textures/T_Explosion_SubUV.uasset" 75
"../../../../Projects/TowerDefenseDemo/Content/StarterContent/Particles/Materials/M_explosion_subUV.uasset" 76
"../../../../Projects/TowerDefenseDemo/Content/StarterContent/Particles/Materials/m_flare_01.uasset" 77
"../../../Engine/Content/Functions/Engine_MaterialFunctions01/Gradient/RadialGradient.uasset" 78
"../../../../Projects/TowerDefenseDemo/Content/StarterContent/Particles/Materials/M_radial_ramp.uasset" 79
"../../../../Projects/TowerDefenseDemo/Content/StarterContent/Textures/T_Smoke_SubUV.uasset" 80
"../../../../Projects/TowerDefenseDemo/Content/StarterContent/Textures/T_Smoke_Tiled_D.uasset" 81
"../../../../Projects/TowerDefenseDemo/Content/StarterContent/Particles/Materials/M_smoke_subUV.uasset" 82
"../../../../Projects/TowerDefenseDemo/Content/StarterContent/Particles/P_Explosion.uasset" 83
"../../../../Projects/TowerDefenseDemo/Content/StarterContent/Blueprints/Blueprint_Effect_Explosion.uasset" 84
"../../../Engine/Content/EditorMeshes/ColorCalibrator/T_ColorGrid.uasset" 85
"../../../../Projects/TowerDefenseDemo/Content/StarterContent/Materials/M_ColorGrid_LowSpec.uasset" 86
"../../../../Projects/TowerDefenseDemo/Content/StarterContent/Textures/T_Bush_D.uasset" 87
"../../../../Projects/TowerDefenseDemo/Content/StarterContent/Textures/T_Bush_N.uasset" 88
"../../../../Projects/TowerDefenseDemo/Content/StarterContent/Props/Materials/M_Bush.uasset" 89
"../../../../Projects/TowerDefenseDemo/Content/StarterContent/Props/SM_Bush.uasset" 90
"../../../../Projects/TowerDefenseDemo/Content/StarterContent/Textures/T_Chair_M.uasset" 91
"../../../../Projects/TowerDefenseDemo/Content/StarterContent/Textures/T_Chair_N.uasset" 92
"../../../../Projects/TowerDefenseDemo/Content/StarterContent/Props/Materials/M_Chair.uasset" 93
"../../../../Projects/TowerDefenseDemo/Content/StarterContent/Props/SM_Couch.uasset" 94
"../../../../Projects/TowerDefenseDemo/Content/StarterContent/Materials/M_Glass.uasset" 95
"../../../../Projects/TowerDefenseDemo/Content/StarterContent/Textures/T_Door_M.uasset" 96
"../../../../Projects/TowerDefenseDemo/Content/StarterContent/Textures/T_Door_N.uasset" 97
"../../../../Projects/TowerDefenseDemo/Content/StarterContent/Props/Materials/M_Door.uasset" 98
"../../../../Projects/TowerDefenseDemo/Content/StarterContent/Props/SM_Door.uasset" 99
"../../../../Projects/TowerDefenseDemo/Content/StarterContent/Props/Materials/M_MaterialSphere.uasset" 100
"../../../../Projects/TowerDefenseDemo/Content/StarterContent/Props/Materials/M_MaterialSphere_Plain.uasset" 101
"../../../../Projects/TowerDefenseDemo/Content/StarterContent/Props/SM_MatPreviewMesh_02.uasset" 102
"../../../Engine/Content/Functions/Engine_MaterialFunctions02/Utility/BlendAngleCorrectedNormals.uasset" 103
"../../../../Projects/TowerDefenseDemo/Content/StarterContent/Textures/T_Detail_Rocky_N.uasset" 104
"../../../../Projects/TowerDefenseDemo/Content/StarterContent/Textures/T_Rock_Basalt_D.uasset" 105
"../../../../Projects/TowerDefenseDemo/Content/StarterContent/Textures/T_RockMesh_M.uasset" 106
"../../../../Projects/TowerDefenseDemo/Content/StarterContent/Textures/T_RockMesh_N.uasset" 107
"../../../../Projects/TowerDefenseDemo/Content/StarterContent/Props/Materials/M_Rock.uasset" 108
"../../../../Projects/TowerDefenseDemo/Content/StarterContent/Props/SM_Rock.uasset" 109
"../../../../Projects/TowerDefenseDemo/Content/StarterContent/Textures/T_Shelf_M.uasset" 110
"../../../../Projects/TowerDefenseDemo/Content/StarterContent/Textures/T_Shelf_N.uasset" 111
"../../../../Projects/TowerDefenseDemo/Content/StarterContent/Props/Materials/M_Shelf.uasset" 112
"../../../../Projects/TowerDefenseDemo/Content/StarterContent/Props/SM_Shelf.uasset" 113
"../../../../Projects/TowerDefenseDemo/Content/StarterContent/Materials/M_Basic_Floor.uasset" 114
"../../../../Projects/TowerDefenseDemo/Content/StarterContent/Props/SM_Stairs.uasset" 115
"../../../../Projects/TowerDefenseDemo/Content/StarterContent/Shapes/Shape_Cone.uasset" 116
"../../../../Projects/TowerDefenseDemo/Content/StarterContent/Shapes/Shape_Cylinder.uasset" 117
"../../../../Projects/TowerDefenseDemo/Content/StarterContent/Shapes/Shape_NarrowCapsule.uasset" 118
"../../../../Projects/TowerDefenseDemo/Content/StarterContent/Shapes/Shape_Pipe.uasset" 119
"../../../../Projects/TowerDefenseDemo/Content/StarterContent/Shapes/Shape_Pipe_180.uasset" 120
"../../../../Projects/TowerDefenseDemo/Content/StarterContent/Shapes/Shape_Pipe_90.uasset" 121
"../../../../Projects/TowerDefenseDemo/Content/StarterContent/Shapes/Shape_Plane.uasset" 122
"../../../../Projects/TowerDefenseDemo/Content/StarterContent/Shapes/Shape_Torus.uasset" 123
"../../../../Projects/TowerDefenseDemo/Content/StarterContent/Shapes/Shape_Trim.uasset" 124
"../../../../Projects/TowerDefenseDemo/Content/StarterContent/Shapes/Shape_Trim_90_In.uasset" 125
"../../../../Projects/TowerDefenseDemo/Content/StarterContent/Shapes/Shape_Trim_90_Out.uasset" 126
"../../../../Projects/TowerDefenseDemo/Content/StarterContent/Shapes/Shape_TriPyramid.uasset" 127
"../../../../Projects/TowerDefenseDemo/Content/StarterContent/Shapes/Shape_Tube.uasset" 128
"../../../../Projects/TowerDefenseDemo/Content/StarterContent/Shapes/Shape_Wedge_A.uasset" 129
"../../../../Projects/TowerDefenseDemo/Content/StarterContent/Shapes/Shape_Wedge_B.uasset" 130
"../../../../Projects/TowerDefenseDemo/Content/StarterContent/Shapes/Shape_WideCapsule.uasset" 131
"../../../../Projects/TowerDefenseDemo/Content/VirtualRealityBP/Blueprints/PickupActorInterface.uasset" 132
"../../../../Projects/TowerDefenseDemo/Content/VirtualReality/Materials/MI_SmallCubes.uasset" 133
"../../../../Projects/TowerDefenseDemo/Content/Geometry/Meshes/1M_Cube.uasset" 134
"../../../../Projects/TowerDefenseDemo/Content/VirtualRealityBP/Blueprints/BP_PickupCube.uasset" 135
"../../../../Projects/TowerDefenseDemo/Content/VirtualRealityBP/Blueprints/StartScreenPawn.uasset" 136
"../../../Engine/Content/Functions/Engine_MaterialFunctions01/Opacity/CameraDepthFade.uasset" 137
"../../../Engine/Content/EngineMaterials/T_Default_Material_Grid_M.uasset" 138
"../../../Engine/Content/EngineMaterials/T_Default_Material_Grid_N.uasset" 139
"../../../Engine/Content/EngineMaterials/DefaultMaterial.uasset" 140
"../../../Engine/Content/BasicShapes/Cone.uasset" 141
"../../../Engine/Content/EngineMaterials/WorldGridMaterial.uasset" 142
"../../../Engine/Content/BasicShapes/Cube.uasset" 143
"../../../Engine/Content/EditorLandscapeResources/DataLayer.uasset" 144
"../../../Engine/Content/EditorMaterials/GizmoMaterial.uasset" 145
"../../../Engine/Content/EditorMaterials/MAT_Groups_Toggle.uasset" 146
"../../../Engine/Content/EditorMaterials/MAT_Groups_Visibility.uasset" 147
"../../../Engine/Content/EditorMaterials/PreviewShadowIndicator.uasset" 148
"../../../Engine/Content/EditorMaterials/PreviewShadowIndicatorMaterial.uasset" 149
"../../../Engine/Content/EditorMaterials/MatineeGroups/MAT_ColorTrack.uasset" 150
"../../../Engine/Content/EditorMaterials/MatineeGroups/MAT_Groups_Anim.uasset" 151
"../../../Engine/Content/EditorMaterials/MatineeGroups/MAT_Groups_AudioMaster.uasset" 152
"../../../Engine/Content/EditorMaterials/MatineeGroups/MAT_Groups_Director.uasset" 153
"../../../Engine/Content/EditorMaterials/MatineeGroups/MAT_Groups_Event.uasset" 154
"../../../Engine/Content/EditorMaterials/MatineeGroups/MAT_Groups_Fade.uasset" 155
"../../../Engine/Content/EditorMaterials/MatineeGroups/MAT_Groups_Float.uasset" 156
"../../../Engine/Content/EditorMaterials/MatineeGroups/MAT_Groups_Move.uasset" 157
"../../../Engine/Content/EditorMaterials/MatineeGroups/MAT_Groups_Slomo.uasset" 158
"../../../Engine/Content/EditorMaterials/MatineeGroups/MAT_Groups_Sound.uasset" 159
"../../../Engine/Content/EditorMaterials/MatineeGroups/MAT_Groups_Vector.uasset" 160
"../../../Engine/Content/EditorMaterials/ParticleSystems/PSysThumbnail_NoImage.uasset" 161
"../../../Engine/Content/EditorMaterials/ParticleSystems/PSysThumbnail_OOD.uasset" 162
"../../../Engine/Content/EditorMaterials/Camera/CineMat.uasset" 163
"../../../Engine/Content/EditorMaterials/Camera/MI_CineMat_Rig.uasset" 164
"../../../Engine/Content/EditorMeshes/Camera/SM_CraneRig_Arm.uasset" 165
"../../../Engine/Content/EditorMeshes/Camera/SM_CraneRig_Base.uasset" 166
"../../../Engine/Content/EditorMeshes/Camera/SM_CraneRig_Body.uasset" 167
"../../../Engine/Content/EditorMeshes/Camera/SM_CraneRig_Mount.uasset" 168
"../../../Engine/Content/EditorMeshes/Camera/SM_RailRig_Mount.uasset" 169
"../../../Engine/Content/EditorMeshes/Camera/SM_RailRig_Track.uasset" 170
"../../../Engine/Content/EditorResources/BSPVertex.uasset" 171
"../../../Engine/Content/EditorResources/EmptyActor.uasset" 172
"../../../Engine/Content/EditorResources/S_Actor.uasset" 173
"../../../Engine/Content/EditorResources/S_Trigger.uasset" 174
"../../../Engine/Content/EditorResources/AudioIcons/S_AudioComponent.uasset" 175
"../../../Engine/Content/EditorResources/AudioIcons/S_AudioComponent_AutoActivate.uasset" 176
"../../../Engine/Content/EditorResources/LightIcons/S_LightError.uasset" 177
"../../../Engine/Content/EditorResources/SequenceRecorder/Countdown.uasset" 178
"../../../Engine/Content/EditorResources/SequenceRecorder/RecordingIndicator.uasset" 179
"../../../Engine/Content/EditorSounds/Notifications/CompileFailed.uasset" 180
"../../../Engine/Content/EditorSounds/Notifications/CompileFailed_Cue.uasset" 181
"../../../Engine/Content/EditorSounds/Notifications/CompileSuccess.uasset" 182
"../../../Engine/Content/EditorSounds/Notifications/CompileStart_Cue.uasset" 183
"../../../Engine/Content/EditorSounds/Notifications/CompileSuccess_Cue.uasset" 184
"../../../Engine/Content/EngineDamageTypes/DmgTypeBP_Environmental.uasset" 185
"../../../Engine/Content/EngineDebugMaterials/HeatmapGradient.uasset" 186
"../../../Engine/Content/EngineDebugMaterials/BoneWeightMaterial.uasset" 187
"../../../Engine/Content/EngineDebugMaterials/ClothMaterial.uasset" 188
"../../../Engine/Content/EngineDebugMaterials/ClothMaterial_WF.uasset" 189
"../../../Engine/Content/EngineDebugMaterials/DebugEditorMaterial.uasset" 190
"../../../Engine/Content/EngineDebugMaterials/DebugMeshMaterial.uasset" 191
"../../../Engine/Content/EngineDebugMaterials/GeomMaterial.uasset" 192
"../../../Engine/Content/EngineFonts/Faces/RobotoBold.uasset" 193
"../../../Engine/Content/EngineFonts/Faces/RobotoBoldItalic.uasset" 194
"../../../Engine/Content/EngineFonts/Faces/RobotoItalic.uasset" 195
"../../../Engine/Content/EngineFonts/Faces/RobotoLight.uasset" 196
"../../../Engine/Content/EngineFonts/Faces/RobotoRegular.uasset" 197
"../../../Engine/Content/EngineFonts/Roboto.uasset" 198
"../../../Engine/Content/EngineFonts/Faces/RobotoTiny.uasset" 199
"../../../Engine/Content/EngineFonts/RobotoTiny.uasset" 200
"../../../Engine/Content/EngineMaterials/DefaultBloomKernel.uasset" 201
"../../../Engine/Content/EngineMaterials/DefaultBokeh.uasset" 202
"../../../Engine/Content/EngineMaterials/DefaultDiffuse.uasset" 203
"../../../Engine/Content/EngineMaterials/DefaultDeferredDecalMaterial.uasset" 204
"../../../Engine/Content/EngineMaterials/DefaultLightFunctionMaterial.uasset" 205
"../../../Engine/Content/Functions/Engine_MaterialFunctions02/Utility/BreakOutFloat2Components.uasset" 206
"../../../Engine/Content/EngineMaterials/DefaultPostProcessMaterial.uasset" 207
"../../../Engine/Content/EngineFonts/RobotoDistanceField.uasset" 208
"../../../Engine/Content/EngineMaterials/DefaultTextMaterialOpaque.uasset" 209
"../../../Engine/Content/EngineMaterials/DefaultWhiteGrid.uasset" 210
"../../../Engine/Content/EngineMaterials/MiniFont.uasset" 211
"../../../Engine/Content/EngineMaterials/InvalidLightmapSettings.uasset" 212
"../../../Engine/Content/EngineMaterials/M_InvalidLightmapSettings.uasset" 213
"../../../Engine/Content/Functions/Engine_MaterialFunctions02/WorldPositionOffset/CameraOffset.uasset" 214
"../../../Engine/Content/EngineMaterials/PhAT_JointLimitMaterial.uasset" 215
"../../../Engine/Content/EngineMaterials/PreintegratedSkinBRDF.uasset" 216
"../../../Engine/Content/EngineMaterials/RemoveSurfaceMaterial.uasset" 217
"../../../Engine/Content/EngineMaterials/WeightMapPlaceholderTexture.uasset" 218
"../../../Engine/Content/EngineResources/WhiteSquareTexture.uasset" 219
"../../../Engine/Content/EngineMaterials/Widget3DPassThrough.uasset" 220
"../../../Engine/Content/EngineMaterials/Widget3DPassThrough_Masked.uasset" 221
"../../../Engine/Content/EngineMaterials/Widget3DPassThrough_Opaque.uasset" 222
"../../../Engine/Content/EngineMaterials/Widget3DPassThrough_Masked_OneSided.uasset" 223
"../../../Engine/Content/EngineMaterials/Widget3DPassThrough_Opaque_OneSided.uasset" 224
"../../../Engine/Content/EngineMaterials/Widget3DPassThrough_Translucent.uasset" 225
"../../../Engine/Content/EngineMaterials/Widget3DPassThrough_Translucent_OneSided.uasset" 226
"../../../Engine/Content/EngineMeshes/Cube.uasset" 227
"../../../Engine/Content/EngineMeshes/Cylinder.uasset" 228
"../../../Engine/Content/EngineMeshes/Sphere.uasset" 229
"../../../Engine/Content/EngineResources/Black.uasset" 230
"../../../Engine/Content/EngineResources/DefaultTexture.uasset" 231
"../../../Engine/Content/EngineResources/DefaultTextureCube.uasset" 232
"../../../Engine/Content/EngineResources/GradientTexture0.uasset" 233
"../../../Engine/Content/EngineSounds/Master.uasset" 234
"../../../Engine/Content/Functions/Engine_MaterialFunctions01/Shading/ConvertFromDiffSpec.uasset" 235
"../../../Engine/Content/Functions/Engine_MaterialFunctions01/Shading/PowerToRoughness.uasset" 236
"../../../Engine/Content/Maps/Templates/Thumbnails/Default.uasset" 237
"../../../Engine/Content/Maps/Templates/Thumbnails/VR-Basic.uasset" 238
"../../../Engine/Content/MobileResources/T_MobileControls_texture.uasset" 239
"../../../Engine/Content/MobileResources/T_MobileMenu2.uasset" 240
"../../../Engine/Content/MobileResources/HUD/AnalogHat.uasset" 241
"../../../Engine/Content/MobileResources/HUD/VirtualJoystick_Background.uasset" 242
"../../../Engine/Content/MobileResources/HUD/VirtualJoystick_Thumb.uasset" 243
"../../../Engine/Content/MobileResources/HUD/DefaultVirtualJoysticks.uasset" 244
"../../../Engine/Content/MobileResources/HUD/LeftVirtualJoystickOnly.uasset" 245
"../../../Engine/Content/MobileResources/HUD/MobileHUDButton1_off.uasset" 246
"../../../Engine/Content/MobileResources/HUD/MobileHUDButton1_on.uasset" 247
"../../../Engine/Content/MobileResources/HUD/MobileHUDButton2_off.uasset" 248
"../../../Engine/Content/MobileResources/HUD/MobileHUDButton2_on.uasset" 249
"../../../Engine/Content/MobileResources/HUD/MobileHUDButton3.uasset" 250
"../../../Engine/Content/MobileResources/HUD/MobileHUDButtonFire.uasset" 251
"../../../Engine/Content/MobileResources/HUD/MobileHUDDirectionPad.uasset" 252
"../../../Engine/Content/MobileResources/HUD/MobileHUDDirectionPad2.uasset" 253
"../../../Engine/Content/MobileResources/HUD/MobileHUDDirectionPad3.uasset" 254
"../../../Engine/Content/MobileResources/HUD/MobileHUDDirectionStick.uasset" 255
"../../../Engine/Content/MobileResources/HUD/T_Castle_ThumbstickInner.uasset" 256
"../../../Engine/Content/MobileResources/HUD/T_Castle_ThumbstickOutter.uasset" 257
"../../../Engine/Content/Tutorial/ContentIntroCurve.uasset" 258
"../../../Engine/Content/Tutorial/Basics/TutorialAssets/icon_tab_Levels_40x.uasset" 259
"../../../Engine/Content/Tutorial/BlueprintTutorials/TutorialAssets/BlueprintInterface_64x.uasset" 260
"../../../Engine/Content/Tutorial/BlueprintTutorials/TutorialAssets/BlueprintMacroLibrary_64x.uasset" 261
"../../../Engine/Content/Tutorial/BlueprintTutorials/TutorialAssets/Blueprint_64x.uasset" 262
"../../../Engine/Content/Tutorial/BlueprintTutorials/TutorialAssets/Tutorial_BP_Interface.uasset" 263
"../../../Engine/Content/Tutorial/Foliage/TutorialAssets/Foliage.uasset" 264
"../../../Engine/Content/Tutorial/Landscape/TutorialAssets/Landscape.uasset" 265
"../../../Engine/Content/Tutorial/Paper2D/TutorialAssets/Paper2DFlipbook_TutorialIcon.uasset" 266
"../../../Engine/Content/Tutorial/Paper2D/TutorialAssets/Paper2DSprite_TutorialIcon.uasset" 267
"../../../Engine/Content/Tutorial/SubEditors/TutorialAssets/icon_Editor_Preferences_General_40x.uasset" 268
"../../../Engine/Content/Tutorial/SubEditors/TutorialAssets/icon_ShowSkeletalMeshes_40x.uasset" 269
"../../../Engine/Content/Tutorial/SubEditors/TutorialAssets/TutorialMaterial.uasset" 270
"../../../Engine/Content/Tutorial/SubEditors/TutorialAssets/T_SmokeSubUV_8X8.uasset" 271
"../../../Engine/Content/Tutorial/SubEditors/TutorialAssets/T_soft_smoke.uasset" 272
"../../../Engine/Content/Tutorial/SubEditors/TutorialAssets/M_smoke_subUV_blackbody.uasset" 273
"../../../Engine/Content/Tutorial/SubEditors/TutorialAssets/TutorialParticleSystem.uasset" 274
"../../../Engine/Content/VREditor/Devices/Generic/GenericHMDMaterial.uasset" 275
"../../../Engine/Content/VREditor/Devices/Generic/GenericHMD.uasset" 276
"../../../Engine/Content/Functions/Engine_MaterialFunctions02/Utility/BreakOutFloat3Components.uasset" 277
"../../../Engine/Content/VREditor/Devices/Vive/VivePreController_MasksB.uasset" 278
"../../../Engine/Content/VREditor/Devices/Oculus/OculusControllerMaterial.uasset" 279
"../../../Engine/Content/VREditor/Devices/Oculus/OculusControllerMaterial_Inst.uasset" 280
"../../../Engine/Content/VREditor/Devices/Oculus/OculusControllerMesh.uasset" 281
"../../../Engine/Content/VREditor/Devices/Vive/T_VivePreController_EM.uasset" 282
"../../../Engine/Content/VREditor/Devices/Vive/VivePreController_MasksA.uasset" 283
"../../../Engine/Content/VREditor/Devices/Vive/VivePreControllerDiffuse.uasset" 284
"../../../Engine/Content/VREditor/Devices/Vive/VivePreControllerSpec.uasset" 285
"../../../Engine/Content/VREditor/LaserPointer/VR_LaserPower_01.uasset" 286
"../../../Engine/Content/VREditor/Devices/Vive/VivePreControllerMaterial.uasset" 287
"../../../Engine/Content/VREditor/Devices/Vive/VivePreControllerMaterial_Inst.uasset" 288
"../../../Engine/Content/VREditor/Devices/Vive/VivePreControllerMesh.uasset" 289
"../../../Engine/Content/VREditor/FloatingText/LineMaterial.uasset" 290
"../../../Engine/Content/VREditor/FloatingText/JointSphere.uasset" 291
"../../../Engine/Content/VREditor/FloatingText/LineSegmentCylinder.uasset" 292
"../../../Engine/Content/VREditor/Fonts/VRText_RobotoLarge.uasset" 293
"../../../Engine/Content/VREditor/Fonts/VRTextMaterial.uasset" 294
"../../../Engine/Content/VREditor/Fonts/TranslucentVRTextMaterial.uasset" 295
"../../../Engine/Content/VREditor/LaserPointer/CursorPointer.uasset" 296
"../../../Engine/Content/VREditor/TransformGizmo/TransformGizmoMaterial.uasset" 297
"../../../Engine/Content/VREditor/LaserPointer/HoverMaterial.uasset" 298
"../../../Engine/Content/VREditor/TransformGizmo/TranslucentTransformGizmoMaterial.uasset" 299
"../../../Engine/Content/VREditor/LaserPointer/TranslucentHoverMaterial.uasset" 300
"../../../Engine/Content/VREditor/LaserPointer/HoverMesh.uasset" 301
"../../../Engine/Content/VREditor/LaserPointer/LaserPointerMaterial.uasset" 302
"../../../Engine/Content/VREditor/LaserPointer/LaserPointerMaterialInst.uasset" 303
"../../../Engine/Content/VREditor/LaserPointer/TranslucentLaserPointerMaterialInst.uasset" 304
"../../../Engine/Content/VREditor/LaserPointer/LaserPointerMesh.uasset" 305
"../../../Engine/Content/VREditor/LaserPointer/LaserPointerMesh_End.uasset" 306
"../../../Engine/Content/VREditor/LaserPointer/LaserPointerMesh_Start.uasset" 307
"../../../Engine/Content/VREditor/Sounds/VR_teleport.uasset" 308
"../../../Engine/Content/VREditor/Sounds/UI/Click_on_Button.uasset" 309
"../../../Engine/Content/VREditor/Sounds/UI/Click_on_Button_Cue.uasset" 310
"../../../Engine/Content/VREditor/Sounds/UI/Dockable_Window_Close.uasset" 311
"../../../Engine/Content/VREditor/Sounds/UI/Dockable_Window_Drop.uasset" 312
"../../../Engine/Content/VREditor/Sounds/UI/Dockable_Window_Open.uasset" 313
"../../../Engine/Content/VREditor/Sounds/UI/Dockable_Window_Pick_Up.uasset" 314
"../../../Engine/Content/VREditor/Sounds/UI/Drop_Item_From_ContentBrowser.uasset" 315
"../../../Engine/Content/VREditor/Sounds/UI/Floating_UI_Open-001.uasset" 316
"../../../Engine/Content/VREditor/Sounds/UI/Radial_Menu_FadeOut.uasset" 317
"../../../Engine/Content/VREditor/Sounds/UI/Teleport_Mode_Entered.uasset" 318
"../../../Engine/Content/VREditor/Teleport/TeleportDirectionMaterial.uasset" 319
"../../../Engine/Content/VREditor/Teleport/TeleportDirectionMaterial_Inst.uasset" 320
"../../../Engine/Content/VREditor/Teleport/TeleportDirectionMesh.uasset" 321
"../../../Engine/Content/VREditor/TransformGizmo/BoundingBoxCorner.uasset" 322
"../../../Engine/Content/VREditor/TransformGizmo/BoundingBoxEdge.uasset" 323
"../../../Engine/Content/VREditor/TransformGizmo/PlaneTranslationHandle.uasset" 324
"../../../Engine/Content/VREditor/TransformGizmo/Main.uasset" 325
"../../../Engine/Content/VREditor/TransformGizmo/Xray.uasset" 326
"../../../Engine/Content/VREditor/TransformGizmo/SM_Dialog_Close.uasset" 327
"../../../Engine/Content/VREditor/TransformGizmo/SM_Dialog_Move.uasset" 328
"../../../Engine/Content/VREditor/TransformGizmo/SM_Sequencer_Key.uasset" 329
"../../../Engine/Content/VREditor/TransformGizmo/SM_Sequencer_Node.uasset" 330
"../../../Engine/Content/VREditor/TransformGizmo/TransformGizmoMaterial_Inst.uasset" 331
"../../../Engine/Content/VREditor/TransformGizmo/TranslucentTransformGizmoMaterial_Inst.uasset" 332
"../../../Engine/Content/VREditor/Devices/Vive/UE4_Logo.uasset" 333
"../../../Engine/Content/VREditor/UI/M_ContentWindow.uasset" 334
"../../../Engine/Content/VREditor/UI/SM_ContentWindow_01.uasset" 335
"../../../Engine/Content/VREditor/UI/KeyDiskMaterial.uasset" 336
"../../../Engine/Content/VREditor/UI/DiscMaterial.uasset" 337
"../../../Engine/Content/VREditor/UI/SM_Radial_Disk.uasset" 338
"../../../Engine/Content/VREditor/UI/ArrowMaterial.uasset" 339
"../../../Engine/Content/VREditor/UI/SM_Radial_Pointer.uasset" 340
"../../../Engine/Content/VREditor/WorldMovementGrid/SimpleGrid.uasset" 341
"../../../Engine/Content/VREditor/WorldMovementGrid/GridMaterial.uasset" 342
"../../../Engine/Content/VREditor/WorldMovementGrid/GridPostProcess.uasset" 343
"../../../Engine/Content/EditorLandscapeResources/FlattenHeightMat.uasset" 344
"../../../Engine/Content/VREditor/WorldMovementGrid/PlaneMesh.uasset" 345
"../../Plugins/2D/Paper2D/Content/PlaceholderTextures/DummySpriteTexture.uasset" 346
"../../Plugins/2D/Paper2D/Content/DummySprite.uasset" 347
"../../Plugins/2D/Paper2D/Content/DefaultPaperTerrainMaterial.uasset" 348
"../../Plugins/2D/Paper2D/Content/DefaultSpriteMaterial.uasset" 349
"../../Plugins/2D/Paper2D/Content/MaskedUnlitSpriteMaterial.uasset" 350
"../../Plugins/2D/Paper2D/Content/OpaqueUnlitSpriteMaterial.uasset" 351
"../../Plugins/Media/MediaCompositing/Content/DefaultMediaPlaneTexture.uasset" 352
"../../Plugins/Media/MediaCompositing/Content/DefaultMediaPlaneMaterial.uasset" 353
"../../../Engine/Content/Functions/Engine_MaterialFunctions02/Utility/MakeFloat4.uasset" 354
"../../Plugins/Runtime/AppleARKit/Content/ARKitCameraMaterial.uasset" 355
"../../Plugins/Runtime/Oculus/OculusVR/Content/Textures/GearVRController_AO.uasset" 356
"../../Plugins/Runtime/Oculus/OculusVR/Content/Textures/GearVRController_Color.uasset" 357
"../../Plugins/Runtime/Oculus/OculusVR/Content/Textures/GearVRController_Normal.uasset" 358
"../../Plugins/Runtime/Oculus/OculusVR/Content/Materials/GearVRControllerMaterial.uasset" 359
"../../Plugins/Runtime/Oculus/OculusVR/Content/Meshes/GearVrController.uasset" 360
"../../../../Projects/TowerDefenseDemo/Content/StarterContent/Blueprints/Assets/FogBrightnessLUT.uasset" 361
"../../../../Projects/TowerDefenseDemo/Content/StarterContent/Blueprints/Assets/SunlightColorLUT.uasset" 362
"../../../../Projects/TowerDefenseDemo/Content/StarterContent/Blueprints/Assets/M_LightStage_Arrows.uasset" 363
"../../../Engine/Content/MapTemplates/Sky/DaylightAmbientCubemap.uasset" 364
"../../../../Projects/TowerDefenseDemo/Content/StarterContent/Blueprints/Assets/M_LightStage_Skybox_Master.uasset" 365
"../../../../Projects/TowerDefenseDemo/Content/StarterContent/Blueprints/Assets/M_LightStage_Skybox_Black.uasset" 366
"../../../../Projects/TowerDefenseDemo/Content/StarterContent/Blueprints/Assets/M_LightStage_Skybox_HDRI.uasset" 367
"../../../Engine/Content/EditorMaterials/Thumbnails/SkySphereMaterial.uasset" 368
"../../../../Projects/TowerDefenseDemo/Content/StarterContent/Blueprints/Assets/Skybox.uasset" 369
"../../../../Projects/TowerDefenseDemo/Content/StarterContent/Blueprints/Assets/SM_Arrows.uasset" 370
"../../../../Projects/TowerDefenseDemo/Content/StarterContent/HDRI/HDRI_Epic_Courtyard_Daylight.uasset" 371
"../../../../Projects/TowerDefenseDemo/Content/StarterContent/Blueprints/BP_LightStudio.uasset" 372
"../../../../Projects/TowerDefenseDemo/Content/StarterContent/Maps/Advanced_Lighting_BuiltData.uasset" 373
"../../../../Projects/TowerDefenseDemo/Content/StarterContent/Materials/M_AssetPlatform.uasset" 374
"../../../Engine/Content/EditorMeshes/ColorCalibrator/M_ChromeBall.uasset" 375
"../../../Engine/Content/EditorMeshes/ColorCalibrator/M_ClearCoat.uasset" 376
"../../../Engine/Content/EditorMeshes/ColorCalibrator/M_ClearCoatBlack.uasset" 377
"../../../Engine/Content/EditorMeshes/ColorCalibrator/Color_checker.uasset" 378
"../../../Engine/Content/EditorMeshes/ColorCalibrator/M_ColorGrid.uasset" 379
"../../../Engine/Content/EditorMeshes/ColorCalibrator/M_GreyBall.uasset" 380
"../../../Engine/Content/EditorMeshes/ColorCalibrator/SM_ColorCalibrator.uasset" 381
"../../../../Projects/TowerDefenseDemo/Content/StarterContent/Architecture/SM_AssetPlatform.uasset" 382
"../../../../Projects/TowerDefenseDemo/Content/StarterContent/Maps/Advanced_Lighting.umap" 383
"../../../Engine/Content/EditorBlueprintResources/StandardMacros.uasset" 384
"../../../Engine/Content/EngineSky/C_Sky_Cloud_Color.uasset" 385
"../../../Engine/Content/EngineSky/C_Sky_Horizon_Color.uasset" 386
"../../../Engine/Content/EngineSky/C_Sky_Zenith_Color.uasset" 387
"../../../Engine/Content/EngineSky/T_Sky_Blue.uasset" 388
"../../../Engine/Content/EngineSky/T_Sky_Clouds_M.uasset" 389
"../../../Engine/Content/EngineSky/T_Sky_Stars.uasset" 390
"../../../Engine/Content/EngineSky/M_Sky_Panning_Clouds2.uasset" 391
"../../../Engine/Content/EngineSky/SM_SkySphere.uasset" 392
"../../../Engine/Content/EngineSky/BP_Sky_Sphere.uasset" 393
"../../../../Projects/TowerDefenseDemo/Content/StarterContent/Maps/Minimal_Default_BuiltData.uasset" 394
"../../../../Projects/TowerDefenseDemo/Content/StarterContent/Materials/M_Metal_Brushed_Nickel.uasset" 395
"../../../../Projects/TowerDefenseDemo/Content/StarterContent/Textures/T_Metal_Aluminum_D.uasset" 396
"../../../../Projects/TowerDefenseDemo/Content/StarterContent/Textures/T_Metal_Gold_N.uasset" 397
"../../../../Projects/TowerDefenseDemo/Content/StarterContent/Materials/M_Metal_Burnished_Steel.uasset" 398
"../../../../Projects/TowerDefenseDemo/Content/StarterContent/Textures/T_Metal_Copper_D.uasset" 399
"../../../../Projects/TowerDefenseDemo/Content/StarterContent/Materials/M_Metal_Copper.uasset" 400
"../../../../Projects/TowerDefenseDemo/Content/StarterContent/Textures/T_Statue_M.uasset" 401
"../../../../Projects/TowerDefenseDemo/Content/StarterContent/Textures/T_Statue_N.uasset" 402
"../../../../Projects/TowerDefenseDemo/Content/StarterContent/Props/Materials/M_StatueGlass.uasset" 403
"../../../../Projects/TowerDefenseDemo/Content/StarterContent/Architecture/Floor_400x400.uasset" 404
"../../../../Projects/TowerDefenseDemo/Content/StarterContent/Audio/Starter_Background_Cue.uasset" 405
"../../../../Projects/TowerDefenseDemo/Content/StarterContent/Props/SM_Chair.uasset" 406
"../../../../Projects/TowerDefenseDemo/Content/StarterContent/Props/Materials/M_Statue.uasset" 407
"../../../../Projects/TowerDefenseDemo/Content/StarterContent/Props/SM_Statue.uasset" 408
"../../../../Projects/TowerDefenseDemo/Content/StarterContent/Textures/T_TableRound_M.uasset" 409
"../../../../Projects/TowerDefenseDemo/Content/StarterContent/Textures/T_TableRound_N.uasset" 410
"../../../../Projects/TowerDefenseDemo/Content/StarterContent/Props/Materials/M_TableRound.uasset" 411
"../../../../Projects/TowerDefenseDemo/Content/StarterContent/Props/SM_TableRound.uasset" 412
"../../../../Projects/TowerDefenseDemo/Content/StarterContent/Maps/Minimal_Default.umap" 413
"../../../../Projects/TowerDefenseDemo/Content/StarterContent/Audio/Fire01_Cue.uasset" 414
"../../../../Projects/TowerDefenseDemo/Content/StarterContent/Textures/T_Fire_SubUV.uasset" 415
"../../../../Projects/TowerDefenseDemo/Content/StarterContent/Textures/T_Fire_Tiled_D.uasset" 416
"../../../../Projects/TowerDefenseDemo/Content/StarterContent/Particles/Materials/M_Fire_SubUV.uasset" 417
"../../../../Projects/TowerDefenseDemo/Content/StarterContent/Textures/T_Water_N.uasset" 418
"../../../../Projects/TowerDefenseDemo/Content/StarterContent/Particles/Materials/M_Heat_Distortion.uasset" 419
"../../../../Projects/TowerDefenseDemo/Content/StarterContent/Particles/Materials/M_Radial_Gradient.uasset" 420
"../../../../Projects/TowerDefenseDemo/Content/StarterContent/Particles/P_Fire.uasset" 421
"../../../../Projects/TowerDefenseDemo/Content/StarterContent/Blueprints/Blueprint_Effect_Fire.uasset" 422
"../../../../Projects/TowerDefenseDemo/Content/StarterContent/Audio/Smoke01_Cue.uasset" 423
"../../../../Projects/TowerDefenseDemo/Content/StarterContent/Particles/P_Smoke.uasset" 424
"../../../../Projects/TowerDefenseDemo/Content/StarterContent/Blueprints/Blueprint_Effect_Smoke.uasset" 425
"../../../../Projects/TowerDefenseDemo/Content/StarterContent/Audio/Fire_Sparks01_Cue.uasset" 426
"../../../../Projects/TowerDefenseDemo/Content/StarterContent/Textures/T_Spark_Core.uasset" 427
"../../../../Projects/TowerDefenseDemo/Content/StarterContent/Particles/Materials/M_Spark.uasset" 428
"../../../../Projects/TowerDefenseDemo/Content/StarterContent/Particles/P_Sparks.uasset" 429
"../../../../Projects/TowerDefenseDemo/Content/StarterContent/Blueprints/Blueprint_Effect_Sparks.uasset" 430
"../../../../Projects/TowerDefenseDemo/Content/StarterContent/Audio/Steam01_Cue.uasset" 431
"../../../../Projects/TowerDefenseDemo/Content/StarterContent/Particles/P_Steam_Lit.uasset" 432
"../../../../Projects/TowerDefenseDemo/Content/StarterContent/Blueprints/Blueprint_Effect_Steam.uasset" 433
"../../../../Projects/TowerDefenseDemo/Content/StarterContent/Textures/T_Lamp_M.uasset" 434
"../../../../Projects/TowerDefenseDemo/Content/StarterContent/Textures/T_Lamp_N.uasset" 435
"../../../../Projects/TowerDefenseDemo/Content/StarterContent/Props/Materials/M_Lamp.uasset" 436
"../../../../Projects/TowerDefenseDemo/Content/StarterContent/Props/SM_Lamp_Ceiling.uasset" 437
"../../../../Projects/TowerDefenseDemo/Content/StarterContent/Blueprints/Blueprint_CeilingLight.uasset" 438
"../../../../Projects/TowerDefenseDemo/Content/StarterContent/Props/SM_Lamp_Wall.uasset" 439
"../../../../Projects/TowerDefenseDemo/Content/StarterContent/Blueprints/Blueprint_WallSconce.uasset" 440
"../../../../Projects/TowerDefenseDemo/Content/StarterContent/Maps/StarterMap_BuiltData.uasset" 441
"../../../Engine/Content/Functions/Engine_MaterialFunctions03/Procedurals/ComputeFilterWidth.uasset" 442
"../../../Engine/Content/EngineMaterials/AntiAliasedTextMaterialTranslucent.uasset" 443
"../../../../Projects/TowerDefenseDemo/Content/StarterContent/Textures/T_Brick_Clay_Beveled_D.uasset" 444
"../../../../Projects/TowerDefenseDemo/Content/StarterContent/Textures/T_Brick_Clay_Beveled_M.uasset" 445
"../../../../Projects/TowerDefenseDemo/Content/StarterContent/Textures/T_Brick_Clay_Beveled_N.uasset" 446
"../../../../Projects/TowerDefenseDemo/Content/StarterContent/Materials/M_Brick_Clay_Beveled.uasset" 447
"../../../../Projects/TowerDefenseDemo/Content/StarterContent/Textures/T_Brick_Clay_New_D.uasset" 448
"../../../../Projects/TowerDefenseDemo/Content/StarterContent/Textures/T_Brick_Clay_New_M.uasset" 449
"../../../../Projects/TowerDefenseDemo/Content/StarterContent/Textures/T_Brick_Clay_New_N.uasset" 450
"../../../../Projects/TowerDefenseDemo/Content/StarterContent/Materials/M_Brick_Clay_New.uasset" 451
"../../../../Projects/TowerDefenseDemo/Content/StarterContent/Textures/T_Brick_Clay_Old_D.uasset" 452
"../../../../Projects/TowerDefenseDemo/Content/StarterContent/Textures/T_Brick_Clay_Old_N.uasset" 453
"../../../../Projects/TowerDefenseDemo/Content/StarterContent/Materials/M_Brick_Clay_Old.uasset" 454
"../../../../Projects/TowerDefenseDemo/Content/StarterContent/Textures/T_Brick_Cut_Stone_D.uasset" 455
"../../../../Projects/TowerDefenseDemo/Content/StarterContent/Textures/T_Brick_Cut_Stone_N.uasset" 456
"../../../../Projects/TowerDefenseDemo/Content/StarterContent/Materials/M_Brick_Cut_Stone.uasset" 457
"../../../../Projects/TowerDefenseDemo/Content/StarterContent/Textures/T_Brick_Hewn_Stone_D.uasset" 458
"../../../../Projects/TowerDefenseDemo/Content/StarterContent/Textures/T_Brick_Hewn_Stone_M.uasset" 459
"../../../../Projects/TowerDefenseDemo/Content/StarterContent/Textures/T_Brick_Hewn_Stone_N.uasset" 460
"../../../../Projects/TowerDefenseDemo/Content/StarterContent/Materials/M_Brick_Hewn_Stone.uasset" 461
"../../../../Projects/TowerDefenseDemo/Content/StarterContent/Textures/T_Ceramic_Tile_M.uasset" 462
"../../../../Projects/TowerDefenseDemo/Content/StarterContent/Textures/T_Ceramic_Tile_N.uasset" 463
"../../../../Projects/TowerDefenseDemo/Content/StarterContent/Textures/T_Rock_Marble_Polished_D.uasset" 464
"../../../../Projects/TowerDefenseDemo/Content/StarterContent/Materials/M_Ceramic_Tile_Checker.uasset" 465
"../../../../Projects/TowerDefenseDemo/Content/StarterContent/Textures/T_CobbleStone_Pebble_D.uasset" 466
"../../../../Projects/TowerDefenseDemo/Content/StarterContent/Textures/T_CobbleStone_Pebble_M.uasset" 467
"../../../../Projects/TowerDefenseDemo/Content/StarterContent/Textures/T_CobbleStone_Pebble_N.uasset" 468
"../../../../Projects/TowerDefenseDemo/Content/StarterContent/Materials/M_CobbleStone_Pebble.uasset" 469
"../../../../Projects/TowerDefenseDemo/Content/StarterContent/Textures/T_CobbleStone_Rough_D.uasset" 470
"../../../../Projects/TowerDefenseDemo/Content/StarterContent/Textures/T_CobbleStone_Rough_N.uasset" 471
"../../../../Projects/TowerDefenseDemo/Content/StarterContent/Textures/T_Gradinet_01.uasset" 472
"../../../../Projects/TowerDefenseDemo/Content/StarterContent/Textures/T_Rock_Smooth_Granite_D.uasset" 473
"../../../../Projects/TowerDefenseDemo/Content/StarterContent/Materials/M_CobbleStone_Rough.uasset" 474
"../../../../Projects/TowerDefenseDemo/Content/StarterContent/Textures/T_CobbleStone_Smooth_D.uasset" 475
"../../../../Projects/TowerDefenseDemo/Content/StarterContent/Textures/T_CobbleStone_Smooth_M.uasset" 476
"../../../../Projects/TowerDefenseDemo/Content/StarterContent/Textures/T_CobbleStone_Smooth_N.uasset" 477
"../../../../Projects/TowerDefenseDemo/Content/StarterContent/Materials/M_CobbleStone_Smooth.uasset" 478
"../../../../Projects/TowerDefenseDemo/Content/StarterContent/Textures/T_Concrete_Grime_D.uasset" 479
"../../../../Projects/TowerDefenseDemo/Content/StarterContent/Textures/T_Metal_Rust_N.uasset" 480
"../../../../Projects/TowerDefenseDemo/Content/StarterContent/Materials/M_Concrete_Grime.uasset" 481
"../../../../Projects/TowerDefenseDemo/Content/StarterContent/Textures/T_Concrete_Panels_D.uasset" 482
"../../../../Projects/TowerDefenseDemo/Content/StarterContent/Textures/T_Concrete_Panels_N.uasset" 483
"../../../../Projects/TowerDefenseDemo/Content/StarterContent/Materials/M_Concrete_Panels.uasset" 484
"../../../../Projects/TowerDefenseDemo/Content/StarterContent/Textures/T_Concrete_Poured_D.uasset" 485
"../../../../Projects/TowerDefenseDemo/Content/StarterContent/Textures/T_Concrete_Poured_N.uasset" 486
"../../../../Projects/TowerDefenseDemo/Content/StarterContent/Materials/M_Concrete_Poured.uasset" 487
"../../../../Projects/TowerDefenseDemo/Content/StarterContent/Textures/T_Concrete_Tiles_D.uasset" 488
"../../../../Projects/TowerDefenseDemo/Content/StarterContent/Textures/T_Concrete_Tiles_M.uasset" 489
"../../../../Projects/TowerDefenseDemo/Content/StarterContent/Textures/T_Concrete_Tiles_N.uasset" 490
"../../../../Projects/TowerDefenseDemo/Content/StarterContent/Textures/T_Concrete_Tiles_Variation_M.uasset" 491
"../../../../Projects/TowerDefenseDemo/Content/StarterContent/Materials/M_Concrete_Tiles.uasset" 492
"../../../../Projects/TowerDefenseDemo/Content/StarterContent/Textures/T_Ground_Gravel_D.uasset" 493
"../../../../Projects/TowerDefenseDemo/Content/StarterContent/Textures/T_Ground_Gravel_N.uasset" 494
"../../../../Projects/TowerDefenseDemo/Content/StarterContent/Materials/M_Ground_Gravel.uasset" 495
"../../../../Projects/TowerDefenseDemo/Content/StarterContent/Textures/T_ground_Moss_D.uasset" 496
"../../../../Projects/TowerDefenseDemo/Content/StarterContent/Textures/T_Ground_Moss_N.uasset" 497
"../../../../Projects/TowerDefenseDemo/Content/StarterContent/Materials/M_Ground_Moss.uasset" 498
"../../../../Projects/TowerDefenseDemo/Content/StarterContent/Materials/M_Metal_Chrome.uasset" 499
"../../../../Projects/TowerDefenseDemo/Content/StarterContent/Textures/T_Metal_Gold_D.uasset" 500
"../../../../Projects/TowerDefenseDemo/Content/StarterContent/Materials/M_Metal_Gold.uasset" 501
"../../../../Projects/TowerDefenseDemo/Content/StarterContent/Textures/T_Metal_Rust_D.uasset" 502
"../../../../Projects/TowerDefenseDemo/Content/StarterContent/Materials/M_Metal_Rust.uasset" 503
"../../../../Projects/TowerDefenseDemo/Content/StarterContent/Textures/T_Metal_Steel_D.uasset" 504
"../../../../Projects/TowerDefenseDemo/Content/StarterContent/Textures/T_Metal_Steel_N.uasset" 505
"../../../../Projects/TowerDefenseDemo/Content/StarterContent/Materials/M_Metal_Steel.uasset" 506
"../../../../Projects/TowerDefenseDemo/Content/StarterContent/Textures/T_Rock_Basalt_N.uasset" 507
"../../../../Projects/TowerDefenseDemo/Content/StarterContent/Materials/M_Rock_Basalt.uasset" 508
"../../../../Projects/TowerDefenseDemo/Content/StarterContent/Materials/M_Rock_Marble_Polished.uasset" 509
"../../../../Projects/TowerDefenseDemo/Content/StarterContent/Textures/T_Rock_Sandstone_D.uasset" 510
"../../../../Projects/TowerDefenseDemo/Content/StarterContent/Textures/T_Rock_Sandstone_N.uasset" 511
"../../../../Projects/TowerDefenseDemo/Content/StarterContent/Materials/M_Rock_Sandstone.uasset" 512
"../../../../Projects/TowerDefenseDemo/Content/StarterContent/Textures/T_Rock_Slate_D.uasset" 513
"../../../../Projects/TowerDefenseDemo/Content/StarterContent/Textures/T_Rock_Slate_N.uasset" 514
"../../../../Projects/TowerDefenseDemo/Content/StarterContent/Materials/M_Rock_Slate.uasset" 515
"../../../../Projects/TowerDefenseDemo/Content/StarterContent/Textures/T_Checker_Noise_M.uasset" 516
"../../../../Projects/TowerDefenseDemo/Content/StarterContent/Textures/T_Single_Tile_N.uasset" 517
"../../../../Projects/TowerDefenseDemo/Content/StarterContent/Textures/T_Tech_Dot_M.uasset" 518
"../../../../Projects/TowerDefenseDemo/Content/StarterContent/Textures/T_Tech_Dot_N.uasset" 519
"../../../../Projects/TowerDefenseDemo/Content/StarterContent/Materials/M_Tech_Checker_Dot.uasset" 520
"../../../../Projects/TowerDefenseDemo/Content/StarterContent/Textures/T_Tech_Hex_Tile_M.uasset" 521
"../../../../Projects/TowerDefenseDemo/Content/StarterContent/Textures/T_Tech_Hex_Tile_N.uasset" 522
"../../../../Projects/TowerDefenseDemo/Content/StarterContent/Materials/M_Tech_Hex_Tile.uasset" 523
"../../../../Projects/TowerDefenseDemo/Content/StarterContent/Materials/M_Tech_Hex_Tile_Pulse.uasset" 524
"../../../../Projects/TowerDefenseDemo/Content/StarterContent/Textures/T_Tech_Panel_M.uasset" 525
"../../../../Projects/TowerDefenseDemo/Content/StarterContent/Textures/T_Tech_Panel_N.uasset" 526
"../../../../Projects/TowerDefenseDemo/Content/StarterContent/Materials/M_Tech_Panel.uasset" 527
"../../../../Projects/TowerDefenseDemo/Content/StarterContent/Materials/M_Water_Lake.uasset" 528
"../../../../Projects/TowerDefenseDemo/Content/StarterContent/Textures/T_Water_M.uasset" 529
"../../../../Projects/TowerDefenseDemo/Content/StarterContent/Materials/M_Water_Ocean.uasset" 530
"../../../../Projects/TowerDefenseDemo/Content/StarterContent/Textures/T_Wood_Floor_Walnut_D.uasset" 531
"../../../../Projects/TowerDefenseDemo/Content/StarterContent/Textures/T_Wood_Floor_Walnut_M.uasset" 532
"../../../../Projects/TowerDefenseDemo/Content/StarterContent/Textures/T_Wood_Floor_Walnut_N.uasset" 533
"../../../../Projects/TowerDefenseDemo/Content/StarterContent/Materials/M_Wood_Floor_Walnut_Polished.uasset" 534
"../../../Engine/Content/Functions/Engine_MaterialFunctions01/Opacity/AlphaOffset.uasset" 535
"../../../../Projects/TowerDefenseDemo/Content/StarterContent/Materials/M_Wood_Floor_Walnut_Worn.uasset" 536
"../../../../Projects/TowerDefenseDemo/Content/StarterContent/Textures/T_Wood_Oak_D.uasset" 537
"../../../../Projects/TowerDefenseDemo/Content/StarterContent/Textures/T_Wood_Oak_N.uasset" 538
"../../../../Projects/TowerDefenseDemo/Content/StarterContent/Materials/M_Wood_Oak.uasset" 539
"../../../../Projects/TowerDefenseDemo/Content/StarterContent/Textures/T_Wood_Pine_D.uasset" 540
"../../../../Projects/TowerDefenseDemo/Content/StarterContent/Textures/T_Wood_Pine_N.uasset" 541
"../../../../Projects/TowerDefenseDemo/Content/StarterContent/Materials/M_Wood_Pine.uasset" 542
"../../../../Projects/TowerDefenseDemo/Content/StarterContent/Textures/T_Wood_Walnut_D.uasset" 543
"../../../../Projects/TowerDefenseDemo/Content/StarterContent/Textures/T_Wood_Walnut_N.uasset" 544
"../../../../Projects/TowerDefenseDemo/Content/StarterContent/Materials/M_Wood_Walnut.uasset" 545
"../../../../Projects/TowerDefenseDemo/Content/StarterContent/Architecture/Wall_400x200.uasset" 546
"../../../../Projects/TowerDefenseDemo/Content/StarterContent/Architecture/Wall_Door_400x300.uasset" 547
"../../../../Projects/TowerDefenseDemo/Content/StarterContent/Architecture/Wall_Window_400x300.uasset" 548
"../../../../Projects/TowerDefenseDemo/Content/StarterContent/Audio/Collapse_Cue.uasset" 549
"../../../../Projects/TowerDefenseDemo/Content/StarterContent/Audio/Starter_Music_Cue.uasset" 550
"../../../../Projects/TowerDefenseDemo/Content/StarterContent/Textures/T_Dust_Particle_D.uasset" 551
"../../../../Projects/TowerDefenseDemo/Content/StarterContent/Particles/Materials/M_Dust_Particle.uasset" 552
"../../../../Projects/TowerDefenseDemo/Content/StarterContent/Particles/P_Ambient_Dust.uasset" 553
"../../../../Projects/TowerDefenseDemo/Content/StarterContent/Props/MaterialSphere.uasset" 554
"../../../../Projects/TowerDefenseDemo/Content/StarterContent/Textures/T_Frame_M.uasset" 555
"../../../../Projects/TowerDefenseDemo/Content/StarterContent/Textures/T_Frame_N.uasset" 556
"../../../../Projects/TowerDefenseDemo/Content/StarterContent/Props/Materials/M_Frame.uasset" 557
"../../../../Projects/TowerDefenseDemo/Content/StarterContent/Props/SM_CornerFrame.uasset" 558
"../../../../Projects/TowerDefenseDemo/Content/StarterContent/Props/SM_DoorFrame.uasset" 559
"../../../../Projects/TowerDefenseDemo/Content/StarterContent/Props/SM_GlassWindow.uasset" 560
"../../../../Projects/TowerDefenseDemo/Content/StarterContent/Props/SM_PillarFrame.uasset" 561
"../../../../Projects/TowerDefenseDemo/Content/StarterContent/Props/SM_PillarFrame300.uasset" 562
"../../../../Projects/TowerDefenseDemo/Content/StarterContent/Props/SM_WindowFrame.uasset" 563
"../../../../Projects/TowerDefenseDemo/Content/StarterContent/Shapes/Shape_Cube.uasset" 564
"../../../../Projects/TowerDefenseDemo/Content/StarterContent/Shapes/Shape_QuadPyramid.uasset" 565
"../../../../Projects/TowerDefenseDemo/Content/StarterContent/Shapes/Shape_Sphere.uasset" 566
"../../../../Projects/TowerDefenseDemo/Content/StarterContent/Maps/StarterMap.umap" 567
"../../../Engine/Content/Functions/Engine_MaterialFunctions01/Texturing/ScaleUVsByCenter.uasset" 568
"../../../Engine/Content/Functions/Engine_MaterialFunctions02/ScreenResolution.uasset" 569
"../../../Engine/Content/Functions/Engine_MaterialFunctions02/Texturing/ScreenAlignedUVs.uasset" 570
"../../../Engine/Content/Functions/Engine_MaterialFunctions02/Utility/CameraDirectionVector.uasset" 571
"../../../Engine/Content/Functions/Engine_MaterialFunctions02/Utility/DepthFromWorldPosition.uasset" 572
"../../../../Projects/TowerDefenseDemo/Content/VirtualReality/Materials/MF_OccludedPixels.uasset" 573
"../../../../Projects/TowerDefenseDemo/Content/VirtualReality/Materials/TeleportMCP.uasset" 574
"../../../Engine/Content/EngineMaterials/Good64x64TilingNoiseHighFreq.uasset" 575
"../../../../Projects/TowerDefenseDemo/Content/VirtualReality/Materials/M_ArcEndpoint.uasset" 576
"../../../../Projects/TowerDefenseDemo/Content/VirtualReality/Materials/M_TeleportPreviews.uasset" 577
"../../../../Projects/TowerDefenseDemo/Content/VirtualReality/Materials/MI_TeleportCylinderPreview.uasset" 578
"../../../Engine/Content/BasicShapes/Cylinder.uasset" 579
"../../../../Projects/TowerDefenseDemo/Content/VirtualReality/Meshes/BeaconDirection.uasset" 580
"../../../../Projects/TowerDefenseDemo/Content/VirtualReality/Meshes/SM_FatCylinder.uasset" 581
"../../../../Projects/TowerDefenseDemo/Content/VirtualRealityBP/Blueprints/HMDLocomotionPawn.uasset" 582
"../../../../Projects/TowerDefenseDemo/Content/VirtualRealityBP/Maps/HMDLocomotionMap_BuiltData.uasset" 583
"../../../../Projects/TowerDefenseDemo/Content/VirtualReality/Materials/MI_BaseMaterial3.uasset" 584
"../../../../Projects/TowerDefenseDemo/Content/VirtualRealityBP/Maps/HMDLocomotionMap.umap" 585
"../../../../Projects/TowerDefenseDemo/Content/Imported-Content/orc/orc_Anim_Attack1H__5_.uasset" 586
"../../../../Projects/TowerDefenseDemo/Content/Imported-Content/orc/orc_Anim_Attack2H__15_.uasset" 587
"../../../../Projects/TowerDefenseDemo/Content/Imported-Content/orc/orc_Anim_AttackUnarmed__23_.uasset" 588
"../../../../Projects/TowerDefenseDemo/Content/Imported-Content/orc/orc_Anim_Run__2_.uasset" 589
"../../../../Projects/TowerDefenseDemo/Content/Imported-Content/orc/orc_Anim_Walk__1_.uasset" 590
"../../../../Projects/TowerDefenseDemo/Content/MyBlueprints/EnemyAI/EnemyBS.uasset" 591
"../../../../Projects/TowerDefenseDemo/Content/MyBlueprints/myGameInstance.uasset" 592
"../../../../Projects/TowerDefenseDemo/Content/MyBlueprints/EnemyAI/EnemyAnimBP.uasset" 593
"../../../../Projects/TowerDefenseDemo/Content/VirtualReality/Mannequin/Character/Mesh/MannequinHand_Right_Skeleton.uasset" 594
"../../../../Projects/TowerDefenseDemo/Content/VirtualReality/Mannequin/Animations/MannequinHand_Right_CanGrab.uasset" 595
"../../../../Projects/TowerDefenseDemo/Content/VirtualReality/Mannequin/Animations/MannequinHand_Right_Grab.uasset" 596
"../../../../Projects/TowerDefenseDemo/Content/VirtualReality/Mannequin/Animations/MannequinHand_Right_Open.uasset" 597
"../../../../Projects/TowerDefenseDemo/Content/VirtualReality/Mannequin/Animations/RightGrip_BS.uasset" 598
"../../../../Projects/TowerDefenseDemo/Content/VirtualRealityBP/Blueprints/GripEnum.uasset" 599
"../../../../Projects/TowerDefenseDemo/Content/VirtualReality/Mannequin/Animations/RightHand_AnimBP.uasset" 600
"../../../../Projects/TowerDefenseDemo/Content/VirtualRealityBP/Blueprints/MotionControllerHaptics.uasset" 601
"../../../../Projects/TowerDefenseDemo/Content/VirtualReality/Materials/M_SplineArcMat.uasset" 602
"../../../../Projects/TowerDefenseDemo/Content/VirtualReality/Materials/MI_ChaperoneOutline.uasset" 603
"../../../Engine/Content/BasicShapes/Sphere.uasset" 604
"../../../../Projects/TowerDefenseDemo/Content/VirtualReality/Meshes/1x1_cube.uasset" 605
"../../../../Projects/TowerDefenseDemo/Content/VirtualReality/Meshes/BeamMesh.uasset" 606
"../../../../Projects/TowerDefenseDemo/Content/VirtualRealityBP/Blueprints/BP_MotionController.uasset" 607
"../../../../Projects/TowerDefenseDemo/Content/Imported-Content/chinese_rocks_rg_Font.uasset" 608
"../../../../Projects/TowerDefenseDemo/Content/Imported-Content/Alliance_Sword/sword_1h_alliance_d_01.uasset" 609
"../../../../Projects/TowerDefenseDemo/Content/Imported-Content/Alliance_Sword/item_objectcomponents_weapon_sword_1h_alliance_d_01_0.uasset" 610
"../../../../Projects/TowerDefenseDemo/Content/Imported-Content/Alliance_Sword/item_objectcomponents_weapon_sword_1h_alliance_d_01_1.uasset" 611
"../../../../Projects/TowerDefenseDemo/Content/Imported-Content/Alliance_Sword/alliance_sword.uasset" 612
"../../../../Projects/TowerDefenseDemo/Content/StarterContent/Particles/P_Sparks_Red.uasset" 613
"../../../../Projects/TowerDefenseDemo/Content/VirtualRealityBP/Blueprints/MotionControllerPawn.uasset" 614
"../../../../Projects/TowerDefenseDemo/Content/VirtualRealityBP/Blueprints/swordhitHaptics.uasset" 615
"../../../Engine/Content/EngineMaterials/EditorBrushMaterial.uasset" 616
"../../../../Projects/TowerDefenseDemo/Content/Imported-Content/chainhit.uasset" 617
"../../../../Projects/TowerDefenseDemo/Content/Imported-Content/fleshHit.uasset" 618
"../../../../Projects/TowerDefenseDemo/Content/Imported-Content/sword_hit.uasset" 619
"../../../../Projects/TowerDefenseDemo/Content/MyBlueprints/EnemyAI/AIEnemy.uasset" 620
"../../../../Projects/TowerDefenseDemo/Content/MyBlueprints/EnemyAI/SpawnAI.uasset" 621
"../../../../Projects/TowerDefenseDemo/Content/VirtualRealityBP/Maps/MotionControllerMap_sharedassets/Brick_LayerInfo.uasset" 622
"../../../../Projects/TowerDefenseDemo/Content/VirtualRealityBP/Maps/MotionControllerMap_sharedassets/Grass_LayerInfo.uasset" 623
"../../../../Projects/TowerDefenseDemo/Content/VirtualRealityBP/Maps/MotionControllerMap_BuiltData.uasset" 624
"../../../../Projects/TowerDefenseDemo/Content/Imported-Content/Rock_texture/rock_wall_01_normal.uasset" 625
"../../../../Projects/TowerDefenseDemo/Content/Imported-Content/Ground.uasset" 626
"../../../Engine/Content/EngineMaterials/DefaultPhysicalMaterial.uasset" 627
"../../../../Projects/TowerDefenseDemo/Content/Imported-Content/Arch/dungeon_arch_col.uasset" 628
"../../../../Projects/TowerDefenseDemo/Content/Imported-Content/Arch/dungeon_arch_metal.uasset" 629
"../../../../Projects/TowerDefenseDemo/Content/Imported-Content/Arch/dungeon_arch_rough.uasset" 630
"../../../../Projects/TowerDefenseDemo/Content/Imported-Content/Arch/dungeon_arch_mat.uasset" 631
"../../../../Projects/TowerDefenseDemo/Content/Imported-Content/Arch/dungeon_arch.uasset" 632
"../../../../Projects/TowerDefenseDemo/Content/Imported-Content/ashenvale.uasset" 633
"../../../../Projects/TowerDefenseDemo/Content/Imported-Content/GrasslandTree/trees_birch_SC.uasset" 634
"../../../../Projects/TowerDefenseDemo/Content/Imported-Content/BirchTree/birch_red_mat.uasset" 635
"../../../../Projects/TowerDefenseDemo/Content/Imported-Content/BirchTree/birch_tree_free.uasset" 636
"../../../../Projects/TowerDefenseDemo/Content/Imported-Content/GrasslandTree/trees_autumn_SC.uasset" 637
"../../../../Projects/TowerDefenseDemo/Content/Imported-Content/GrasslandTree/trees_red_SC_mat.uasset" 638
"../../../../Projects/TowerDefenseDemo/Content/Imported-Content/GrasslandTree/grassland_tree_free.uasset" 639
"../../../../Projects/TowerDefenseDemo/Content/Imported-Content/PineTree/pine_tree_red_SC.uasset" 640
"../../../../Projects/TowerDefenseDemo/Content/Imported-Content/PineTree/pine_tree_red_mat.uasset" 641
"../../../../Projects/TowerDefenseDemo/Content/Imported-Content/PineTree/pine_tree_free.uasset" 642
"../../../../Projects/TowerDefenseDemo/Content/Imported-Content/Portal/blast.uasset" 643
"../../../../Projects/TowerDefenseDemo/Content/Imported-Content/Portal/blast_Mat.uasset" 644
"../../../Engine/Content/Functions/Engine_MaterialFunctions01/Gradient/LinearGradient.uasset" 645
"../../../Engine/Content/Functions/Engine_MaterialFunctions01/Gradient/DiamondGradient.uasset" 646
"../../../../Projects/TowerDefenseDemo/Content/Imported-Content/Portal/diamond.uasset" 647
"../../../../Projects/TowerDefenseDemo/Content/Imported-Content/Portal/Dot.uasset" 648
"../../../../Projects/TowerDefenseDemo/Content/Imported-Content/Portal/T_Smoke_Tile_01.uasset" 649
"../../../../Projects/TowerDefenseDemo/Content/Imported-Content/Portal/T_Soft_Smoke2_Dup.uasset" 650
"../../../../Projects/TowerDefenseDemo/Content/Imported-Content/Portal/Smoke_Portal.uasset" 651
"../../../../Projects/TowerDefenseDemo/Content/Imported-Content/Portal/Smoke.uasset" 652
"../../../../Projects/TowerDefenseDemo/Content/Imported-Content/Portal/Smoke_Portal1.uasset" 653
"../../../../Projects/TowerDefenseDemo/Content/Imported-Content/Portal/BluePortal.uasset" 654
"../../../../Projects/TowerDefenseDemo/Content/Imported-Content/Portal/GreenPortal.uasset" 655
"../../../../Projects/TowerDefenseDemo/Content/VirtualRealityBP/Maps/MotionControllerMap.umap" 656
"../../../../Projects/TowerDefenseDemo/Content/VirtualRealityBP/Maps/StartupMap_BuiltData.uasset" 657
"../../../../Projects/TowerDefenseDemo/Content/VirtualReality/Materials/GenericHMDMaterial.uasset" 658
"../../../../Projects/TowerDefenseDemo/Content/VirtualReality/Mannequin/Character/Textures/UE4_Mannequin__normals.uasset" 659
"../../../../Projects/TowerDefenseDemo/Content/VirtualReality/Mannequin/Character/Textures/UE4_Mannequin_MAT_MASKA.uasset" 660
"../../../../Projects/TowerDefenseDemo/Content/VirtualReality/Mannequin/Character/Materials/M_HandMat.uasset" 661
"../../../../Projects/TowerDefenseDemo/Content/VirtualReality/Mannequin/Character/Mesh/MannequinHand_Right_PhysicsAsset.uasset" 662
"../../../../Projects/TowerDefenseDemo/Content/VirtualReality/Mannequin/Character/Mesh/MannequinHand_Right.uasset" 663
"../../../../Projects/TowerDefenseDemo/Content/VirtualReality/Meshes/GenericHMD.uasset" 664
"../../../../Projects/TowerDefenseDemo/Content/VirtualRealityBP/Maps/StartupMap.umap" 665
"../../../../Projects/TowerDefenseDemo/Content/Imported-Content/splash_screen.uasset" 666
"../../../../Projects/TowerDefenseDemo/Content/MyBlueprints/VR_Pawn.uasset" 667
"../../../../Projects/TowerDefenseDemo/Content/MyBlueprints/VR_GameMode.uasset" 668
"../../../../Projects/TowerDefenseDemo/Content/VirtualRealityBP/Blueprints/StartControllerPawn.uasset" 669
"../../../../Projects/TowerDefenseDemo/Content/VirtualRealityBP/Maps/Start_Screen_Map_BuiltData.uasset" 670
"../../../Engine/Content/BasicShapes/Plane.uasset" 671
"../../../../Projects/TowerDefenseDemo/Content/Imported-Content/stormwind.uasset" 672
"../../../../Projects/TowerDefenseDemo/Content/VirtualRealityBP/Maps/Start_Screen_Map.umap" 673
"../../../Engine/Content/Maps/Entry.umap" 674
